Importing packages...
Done!
****************************
Starting parameter sweep
****************************
--- Game parameters ---
Probabilit of a unicorn:  0.5
Number of players:  2
Grid size:  8 x 8
Number of rounds:  60
Number of dyads:  50


--- Fixed parameters ----
wALL:  0.1
wNOTHING:  0.1
wLEFT:  0.1
wIN:  0.1
alpha:  10
beta:  1000
gamma:  31.5
delta:  0
epsilon:  0
zeta:  0


Sweeping softmax...
--- Sweep parameters ----
softmax:  [0.1, 1, 2, 3]

----------
Sweep softmax=0.1
****************************
Running dyad no.  1
****************************

****************************
Running dyad no.  2
****************************

****************************
Running dyad no.  3
****************************

****************************
Running dyad no.  4
****************************

****************************
Running dyad no.  5
****************************

****************************
Running dyad no.  6
****************************

****************************
Running dyad no.  7
****************************

****************************
Running dyad no.  8
****************************

****************************
Running dyad no.  9
****************************

****************************
Running dyad no.  10
****************************

****************************
Running dyad no.  11
****************************

****************************
Running dyad no.  12
****************************

****************************
Running dyad no.  13
****************************

****************************
Running dyad no.  14
****************************

****************************
Running dyad no.  15
****************************

****************************
Running dyad no.  16
****************************

****************************
Running dyad no.  17
****************************

****************************
Running dyad no.  18
****************************

****************************
Running dyad no.  19
****************************

****************************
Running dyad no.  20
****************************

****************************
Running dyad no.  21
****************************

****************************
Running dyad no.  22
****************************

****************************
Running dyad no.  23
****************************

****************************
Running dyad no.  24
****************************

****************************
Running dyad no.  25
****************************

****************************
Running dyad no.  26
****************************

****************************
Running dyad no.  27
****************************

****************************
Running dyad no.  28
****************************

****************************
Running dyad no.  29
****************************

****************************
Running dyad no.  30
****************************

****************************
Running dyad no.  31
****************************

****************************
Running dyad no.  32
****************************

****************************
Running dyad no.  33
****************************

****************************
Running dyad no.  34
****************************

****************************
Running dyad no.  35
****************************

****************************
Running dyad no.  36
****************************

****************************
Running dyad no.  37
****************************

****************************
Running dyad no.  38
****************************

****************************
Running dyad no.  39
****************************

****************************
Running dyad no.  40
****************************

****************************
Running dyad no.  41
****************************

****************************
Running dyad no.  42
****************************

****************************
Running dyad no.  43
****************************

****************************
Running dyad no.  44
****************************

****************************
Running dyad no.  45
****************************

****************************
Running dyad no.  46
****************************

****************************
Running dyad no.  47
****************************

****************************
Running dyad no.  48
****************************

****************************
Running dyad no.  49
****************************

****************************
Running dyad no.  50
****************************

Sorting by Dyad, Player, Round...
Finding accumulated score...
Finding normalized score...
Finding the initial lag variables...
Trying to obtain classification from simulation...
Finding Size_visited...
Finding consistency...
Finding difference in consistency and Total_visited_dyad...
Finding distances to focal regions (please be patient)...
Finding the last lag variables...
Data saved to../Data/Sweeps/softmax/1-Sweep-softmax-0.1.csv

----------
Sweep softmax=1
****************************
Running dyad no.  1
****************************

****************************
Running dyad no.  2
****************************

****************************
Running dyad no.  3
****************************

****************************
Running dyad no.  4
****************************

****************************
Running dyad no.  5
****************************

****************************
Running dyad no.  6
****************************

****************************
Running dyad no.  7
****************************

****************************
Running dyad no.  8
****************************

****************************
Running dyad no.  9
****************************

****************************
Running dyad no.  10
****************************

****************************
Running dyad no.  11
****************************

****************************
Running dyad no.  12
****************************

****************************
Running dyad no.  13
****************************

****************************
Running dyad no.  14
****************************

****************************
Running dyad no.  15
****************************

****************************
Running dyad no.  16
****************************

****************************
Running dyad no.  17
****************************

****************************
Running dyad no.  18
****************************

****************************
Running dyad no.  19
****************************

****************************
Running dyad no.  20
****************************

****************************
Running dyad no.  21
****************************

****************************
Running dyad no.  22
****************************

****************************
Running dyad no.  23
****************************

****************************
Running dyad no.  24
****************************

****************************
Running dyad no.  25
****************************

****************************
Running dyad no.  26
****************************

****************************
Running dyad no.  27
****************************

****************************
Running dyad no.  28
****************************

****************************
Running dyad no.  29
****************************

****************************
Running dyad no.  30
****************************

****************************
Running dyad no.  31
****************************

****************************
Running dyad no.  32
****************************

****************************
Running dyad no.  33
****************************

****************************
Running dyad no.  34
****************************

****************************
Running dyad no.  35
****************************

****************************
Running dyad no.  36
****************************

****************************
Running dyad no.  37
****************************

****************************
Running dyad no.  38
****************************

****************************
Running dyad no.  39
****************************

****************************
Running dyad no.  40
****************************

****************************
Running dyad no.  41
****************************

****************************
Running dyad no.  42
****************************

****************************
Running dyad no.  43
****************************

****************************
Running dyad no.  44
****************************

****************************
Running dyad no.  45
****************************

****************************
Running dyad no.  46
****************************

****************************
Running dyad no.  47
****************************

****************************
Running dyad no.  48
****************************

****************************
Running dyad no.  49
****************************

****************************
Running dyad no.  50
****************************

Sorting by Dyad, Player, Round...
Finding accumulated score...
Finding normalized score...
Finding the initial lag variables...
Trying to obtain classification from simulation...
Finding Size_visited...
Finding consistency...
Finding difference in consistency and Total_visited_dyad...
Finding distances to focal regions (please be patient)...
Finding the last lag variables...
Data saved to../Data/Sweeps/softmax/2-Sweep-softmax-1.csv

----------
Sweep softmax=2
****************************
Running dyad no.  1
****************************

****************************
Running dyad no.  2
****************************

****************************
Running dyad no.  3
****************************

****************************
Running dyad no.  4
****************************

****************************
Running dyad no.  5
****************************

****************************
Running dyad no.  6
****************************

****************************
Running dyad no.  7
****************************

****************************
Running dyad no.  8
****************************

****************************
Running dyad no.  9
****************************

****************************
Running dyad no.  10
****************************

****************************
Running dyad no.  11
****************************

****************************
Running dyad no.  12
****************************

****************************
Running dyad no.  13
****************************

****************************
Running dyad no.  14
****************************

****************************
Running dyad no.  15
****************************

****************************
Running dyad no.  16
****************************

****************************
Running dyad no.  17
****************************

****************************
Running dyad no.  18
****************************

****************************
Running dyad no.  19
****************************

****************************
Running dyad no.  20
****************************

****************************
Running dyad no.  21
****************************

****************************
Running dyad no.  22
****************************

****************************
Running dyad no.  23
****************************

****************************
Running dyad no.  24
****************************

****************************
Running dyad no.  25
****************************

****************************
Running dyad no.  26
****************************

****************************
Running dyad no.  27
****************************

****************************
Running dyad no.  28
****************************

****************************
Running dyad no.  29
****************************

****************************
Running dyad no.  30
****************************

****************************
Running dyad no.  31
****************************

****************************
Running dyad no.  32
****************************

****************************
Running dyad no.  33
****************************

****************************
Running dyad no.  34
****************************

****************************
Running dyad no.  35
****************************

****************************
Running dyad no.  36
****************************

****************************
Running dyad no.  37
****************************

****************************
Running dyad no.  38
****************************

****************************
Running dyad no.  39
****************************

****************************
Running dyad no.  40
****************************

****************************
Running dyad no.  41
****************************

****************************
Running dyad no.  42
****************************

****************************
Running dyad no.  43
****************************

****************************
Running dyad no.  44
****************************

****************************
Running dyad no.  45
****************************

****************************
Running dyad no.  46
****************************

****************************
Running dyad no.  47
****************************

****************************
Running dyad no.  48
****************************

****************************
Running dyad no.  49
****************************

****************************
Running dyad no.  50
****************************

Sorting by Dyad, Player, Round...
Finding accumulated score...
Finding normalized score...
Finding the initial lag variables...
Trying to obtain classification from simulation...
Finding Size_visited...
Finding consistency...
Finding difference in consistency and Total_visited_dyad...
Finding distances to focal regions (please be patient)...
Finding the last lag variables...
Data saved to../Data/Sweeps/softmax/3-Sweep-softmax-2.csv

----------
Sweep softmax=3
****************************
Running dyad no.  1
****************************

****************************
Running dyad no.  2
****************************

****************************
Running dyad no.  3
****************************

****************************
Running dyad no.  4
****************************

****************************
Running dyad no.  5
****************************

****************************
Running dyad no.  6
****************************

****************************
Running dyad no.  7
****************************

****************************
Running dyad no.  8
****************************

****************************
Running dyad no.  9
****************************

****************************
Running dyad no.  10
****************************

****************************
Running dyad no.  11
****************************

****************************
Running dyad no.  12
****************************

****************************
Running dyad no.  13
****************************

****************************
Running dyad no.  14
****************************

****************************
Running dyad no.  15
****************************

****************************
Running dyad no.  16
****************************

****************************
Running dyad no.  17
****************************

****************************
Running dyad no.  18
****************************

****************************
Running dyad no.  19
****************************

****************************
Running dyad no.  20
****************************

****************************
Running dyad no.  21
****************************

****************************
Running dyad no.  22
****************************

****************************
Running dyad no.  23
****************************

****************************
Running dyad no.  24
****************************

****************************
Running dyad no.  25
****************************

****************************
Running dyad no.  26
****************************

****************************
Running dyad no.  27
****************************

****************************
Running dyad no.  28
****************************

****************************
Running dyad no.  29
****************************

****************************
Running dyad no.  30
****************************

****************************
Running dyad no.  31
****************************

****************************
Running dyad no.  32
****************************

****************************
Running dyad no.  33
****************************

****************************
Running dyad no.  34
****************************

****************************
Running dyad no.  35
****************************

****************************
Running dyad no.  36
****************************

****************************
Running dyad no.  37
****************************

****************************
Running dyad no.  38
****************************

****************************
Running dyad no.  39
****************************

****************************
Running dyad no.  40
****************************

****************************
Running dyad no.  41
****************************

****************************
Running dyad no.  42
****************************

****************************
Running dyad no.  43
****************************

****************************
Running dyad no.  44
****************************

****************************
Running dyad no.  45
****************************

****************************
Running dyad no.  46
****************************

****************************
Running dyad no.  47
****************************

****************************
Running dyad no.  48
****************************

****************************
Running dyad no.  49
****************************

****************************
Running dyad no.  50
****************************

Sorting by Dyad, Player, Round...
Finding accumulated score...
Finding normalized score...
Finding the initial lag variables...
Trying to obtain classification from simulation...
Finding Size_visited...
Finding consistency...
Finding difference in consistency and Total_visited_dyad...
Finding distances to focal regions (please be patient)...
Finding the last lag variables...
Data saved to../Data/Sweeps/softmax/4-Sweep-softmax-3.csv
