[1] "Loading and preparing data ../Data/humans_only_absent.csv ..."
     Dyad     Player  Region
1 140-615 140-615PL1      RS
2 140-615 140-615PL1      RS
3 140-615 140-615PL1 NOTHING
4 140-615 140-615PL1 NOTHING
5 140-615 140-615PL1     ALL
6 140-615 140-615PL1     OUT
                                                        RegionFULL RegionGo
1                     coprtvwxBCEFGHIJKLMNOPQRSTUVWXYZ0123456789;:       RS
2                                                  BSTUYZ0456789;:  NOTHING
3                                                                   NOTHING
4                                                                       ALL
5 abcdefghijklmnopqrstuvwxyzABCDEFGHIJKLMNOPQRSTUVWXYZ0123456789;:      OUT
6                                     abcdefghipqxyFGNOVW3456789;:      OUT
                         RJcode Score
1                     rBCHIJQRS    23
2                         BSTZ0    27
3                                  32
4                                  32
5 adfghikmnopsuwyzABDFGMRSX245;     3
6            abcdefhqyGOVW4569;    14
# A tibble: 6 x 6
# Groups:   RegionFULL, Score [6]
  Region  RegionFULL Score RJcode FRASims      freqs    
  <chr>   <chr>      <dbl> <chr>  <named list> <list>   
1 NOTHING ""           -64 ""     <dbl [8]>    <int [9]>
2 NOTHING ""            32 ""     <dbl [8]>    <int [9]>
3 RS      "1"           32 ""     <dbl [8]>    <int [9]>
4 RS      "23;:"       -65 "2"    <dbl [8]>    <int [9]>
5 RS      "3"           32 ""     <dbl [8]>    <int [9]>
6 RS      "4"          -64 ""     <dbl [8]>    <int [9]>
[1] "Data prepared!"
[1] "-------------------"
[1] "Trying nmkb... 1"
[1] "Best value so far: 1612.61921096961"
[1] "Successful convergence"
[1] "Dev: 1612.61921096961"
[1] 0.120 0.077 0.058 0.005
[1] "Data saved to ../Data/Confusion/Estimations/MBiases_Parameter_fit_nmkb_0.csv"
WSLS dev:  1612.619NULL
[1] 0.120 0.077 0.058 0.005
[1] "-------------------"
[1] "Trying nmkb... 1"
[1] "Best value so far: 655.625462708139"
[1] "Successful convergence"
[1] "Dev: 655.625462708139"
[1]   0.085   0.042   0.015   0.002   6.745 299.986   4.149
[1] "Data saved to ../Data/Confusion/Estimations/WSLS_Parameter_fit_nmkb_0.csv"
FRA dev:  655.6255NULL
[1]   0.085   0.042   0.015   0.002   6.745 299.986   4.149
[1] "-------------------"
[1] "Trying nmkb... 1"
[1] "Best value so far: 602.056968873973"
[1] "Successful convergence"
[1] "Dev: 602.056968873973"
 [1]   0.063   0.036   0.008   0.001  18.840 299.343  31.999   1.196 999.496
[10]   1.000
[1] "Data saved to ../Data/Confusion/Estimations/FRA_Parameter_fit_nmkb_0.csv"
FRA dev:  602.057NULL
 [1]   0.063   0.036   0.008   0.001  18.840 299.343  31.999   1.196 999.496
[10]   1.000
[1] "-------------------"
