Importing packages...
Done!
****************************
Starting simulation with model MB
****************************
--- Model parameters ----
--- Player 1 ----
wALL:  0.007440005019509215
wNOTHING:  0.012454597150404641
wLEFT:  0.010786517162715385
wIN:  0.0058006294588880646
alpha:  0
beta:  0
gamma:  0
delta:  0
epsilon:  0
zeta:  0


--- Player 2 ----
wALL:  0.007440005019509215
wNOTHING:  0.012454597150404641
wLEFT:  0.010786517162715385
wIN:  0.0058006294588880646
alpha:  0
beta:  0
gamma:  0
delta:  0
epsilon:  0
zeta:  0


****************************
--- Game parameters ---
Probabilit of a unicorn:  0.5
Number of players:  2
Grid size:  8 x 8
Number of rounds:  60
Number of dyads:  50


****************************
Running dyad no.  1
****************************

****************************
Running dyad no.  2
****************************

****************************
Running dyad no.  3
****************************

****************************
Running dyad no.  4
****************************

****************************
Running dyad no.  5
****************************

****************************
Running dyad no.  6
****************************

****************************
Running dyad no.  7
****************************

****************************
Running dyad no.  8
****************************

****************************
Running dyad no.  9
****************************

****************************
Running dyad no.  10
****************************

****************************
Running dyad no.  11
****************************

****************************
Running dyad no.  12
****************************

****************************
Running dyad no.  13
****************************

****************************
Running dyad no.  14
****************************

****************************
Running dyad no.  15
****************************

****************************
Running dyad no.  16
****************************

****************************
Running dyad no.  17
****************************

****************************
Running dyad no.  18
****************************

****************************
Running dyad no.  19
****************************

****************************
Running dyad no.  20
****************************

****************************
Running dyad no.  21
****************************

****************************
Running dyad no.  22
****************************

****************************
Running dyad no.  23
****************************

****************************
Running dyad no.  24
****************************

****************************
Running dyad no.  25
****************************

****************************
Running dyad no.  26
****************************

****************************
Running dyad no.  27
****************************

****************************
Running dyad no.  28
****************************

****************************
Running dyad no.  29
****************************

****************************
Running dyad no.  30
****************************

****************************
Running dyad no.  31
****************************

****************************
Running dyad no.  32
****************************

****************************
Running dyad no.  33
****************************

****************************
Running dyad no.  34
****************************

****************************
Running dyad no.  35
****************************

****************************
Running dyad no.  36
****************************

****************************
Running dyad no.  37
****************************

****************************
Running dyad no.  38
****************************

****************************
Running dyad no.  39
****************************

****************************
Running dyad no.  40
****************************

****************************
Running dyad no.  41
****************************

****************************
Running dyad no.  42
****************************

****************************
Running dyad no.  43
****************************

****************************
Running dyad no.  44
****************************

****************************
Running dyad no.  45
****************************

****************************
Running dyad no.  46
****************************

****************************
Running dyad no.  47
****************************

****************************
Running dyad no.  48
****************************

****************************
Running dyad no.  49
****************************

****************************
Running dyad no.  50
****************************

Sorting by Dyad, Player, Round...
Finding accumulated score...
Finding normalized score...
Finding the initial lag variables...
Trying to obtain classification from simulation...
Finding Size_visited...
Finding consistency...
Finding difference in consistency and Total_visited_dyad...
Finding distances to focal regions (please be patient)...
Finding the last lag variables...
Data saved to../Data/Confusion/MB0.csv
****************************
Starting simulation with model WS
****************************
--- Model parameters ----
--- Player 1 ----
wALL:  0.0003188711883553644
wNOTHING:  0.010299533842124295
wLEFT:  0.006652270050406081
wIN:  0.003911378007830106
alpha:  499.51419259640335
beta:  500
gamma:  3.430524866216885
delta:  0
epsilon:  0
zeta:  0


--- Player 2 ----
wALL:  0.0003188711883553644
wNOTHING:  0.010299533842124295
wLEFT:  0.006652270050406081
wIN:  0.003911378007830106
alpha:  499.51419259640335
beta:  500
gamma:  3.430524866216885
delta:  0
epsilon:  0
zeta:  0


****************************
--- Game parameters ---
Probabilit of a unicorn:  0.5
Number of players:  2
Grid size:  8 x 8
Number of rounds:  60
Number of dyads:  50


****************************
Running dyad no.  1
****************************

****************************
Running dyad no.  2
****************************

****************************
Running dyad no.  3
****************************

****************************
Running dyad no.  4
****************************

****************************
Running dyad no.  5
****************************

****************************
Running dyad no.  6
****************************

****************************
Running dyad no.  7
****************************

****************************
Running dyad no.  8
****************************

****************************
Running dyad no.  9
****************************

****************************
Running dyad no.  10
****************************

****************************
Running dyad no.  11
****************************

****************************
Running dyad no.  12
****************************

****************************
Running dyad no.  13
****************************

****************************
Running dyad no.  14
****************************

****************************
Running dyad no.  15
****************************

****************************
Running dyad no.  16
****************************

****************************
Running dyad no.  17
****************************

****************************
Running dyad no.  18
****************************

****************************
Running dyad no.  19
****************************

****************************
Running dyad no.  20
****************************

****************************
Running dyad no.  21
****************************

****************************
Running dyad no.  22
****************************

****************************
Running dyad no.  23
****************************

****************************
Running dyad no.  24
****************************

****************************
Running dyad no.  25
****************************

****************************
Running dyad no.  26
****************************

****************************
Running dyad no.  27
****************************

****************************
Running dyad no.  28
****************************

****************************
Running dyad no.  29
****************************

****************************
Running dyad no.  30
****************************

****************************
Running dyad no.  31
****************************

****************************
Running dyad no.  32
****************************

****************************
Running dyad no.  33
****************************

****************************
Running dyad no.  34
****************************

****************************
Running dyad no.  35
****************************

****************************
Running dyad no.  36
****************************

****************************
Running dyad no.  37
****************************

****************************
Running dyad no.  38
****************************

****************************
Running dyad no.  39
****************************

****************************
Running dyad no.  40
****************************

****************************
Running dyad no.  41
****************************

****************************
Running dyad no.  42
****************************

****************************
Running dyad no.  43
****************************

****************************
Running dyad no.  44
****************************

****************************
Running dyad no.  45
****************************

****************************
Running dyad no.  46
****************************

****************************
Running dyad no.  47
****************************

****************************
Running dyad no.  48
****************************

****************************
Running dyad no.  49
****************************

****************************
Running dyad no.  50
****************************

Sorting by Dyad, Player, Round...
Finding accumulated score...
Finding normalized score...
Finding the initial lag variables...
Trying to obtain classification from simulation...
Finding Size_visited...
Finding consistency...
Finding difference in consistency and Total_visited_dyad...
Finding distances to focal regions (please be patient)...
Finding the last lag variables...
Data saved to../Data/Confusion/WS0.csv
****************************
Starting simulation with model FR
****************************
--- Model parameters ----
--- Player 1 ----
wALL:  0.007649270371610919
wNOTHING:  0.002812831651880489
wLEFT:  0.008591820967157094
wIN:  0.0104798159890513
alpha:  369.8112302273391
beta:  500
gamma:  17.52349579868325
delta:  134.83939119032894
epsilon:  500
zeta:  0.8968406137216054


--- Player 2 ----
wALL:  0.007649270371610919
wNOTHING:  0.002812831651880489
wLEFT:  0.008591820967157094
wIN:  0.0104798159890513
alpha:  369.8112302273391
beta:  500
gamma:  17.52349579868325
delta:  134.83939119032894
epsilon:  500
zeta:  0.8968406137216054


****************************
--- Game parameters ---
Probabilit of a unicorn:  0.5
Number of players:  2
Grid size:  8 x 8
Number of rounds:  60
Number of dyads:  50


****************************
Running dyad no.  1
****************************

****************************
Running dyad no.  2
****************************

****************************
Running dyad no.  3
****************************

****************************
Running dyad no.  4
****************************

****************************
Running dyad no.  5
****************************

****************************
Running dyad no.  6
****************************

****************************
Running dyad no.  7
****************************

****************************
Running dyad no.  8
****************************

****************************
Running dyad no.  9
****************************

****************************
Running dyad no.  10
****************************

****************************
Running dyad no.  11
****************************

****************************
Running dyad no.  12
****************************

****************************
Running dyad no.  13
****************************

****************************
Running dyad no.  14
****************************

****************************
Running dyad no.  15
****************************

****************************
Running dyad no.  16
****************************

****************************
Running dyad no.  17
****************************

****************************
Running dyad no.  18
****************************

****************************
Running dyad no.  19
****************************

****************************
Running dyad no.  20
****************************

****************************
Running dyad no.  21
****************************

****************************
Running dyad no.  22
****************************

****************************
Running dyad no.  23
****************************

****************************
Running dyad no.  24
****************************

****************************
Running dyad no.  25
****************************

****************************
Running dyad no.  26
****************************

****************************
Running dyad no.  27
****************************

****************************
Running dyad no.  28
****************************

****************************
Running dyad no.  29
****************************

****************************
Running dyad no.  30
****************************

****************************
Running dyad no.  31
****************************

****************************
Running dyad no.  32
****************************

****************************
Running dyad no.  33
****************************

****************************
Running dyad no.  34
****************************

****************************
Running dyad no.  35
****************************

****************************
Running dyad no.  36
****************************

****************************
Running dyad no.  37
****************************

****************************
Running dyad no.  38
****************************

****************************
Running dyad no.  39
****************************

****************************
Running dyad no.  40
****************************

****************************
Running dyad no.  41
****************************

****************************
Running dyad no.  42
****************************

****************************
Running dyad no.  43
****************************

****************************
Running dyad no.  44
****************************

****************************
Running dyad no.  45
****************************

****************************
Running dyad no.  46
****************************

****************************
Running dyad no.  47
****************************

****************************
Running dyad no.  48
****************************

****************************
Running dyad no.  49
****************************

****************************
Running dyad no.  50
****************************

Sorting by Dyad, Player, Round...
Finding accumulated score...
Finding normalized score...
Finding the initial lag variables...
Trying to obtain classification from simulation...
Finding Size_visited...
Finding consistency...
Finding difference in consistency and Total_visited_dyad...
Finding distances to focal regions (please be patient)...
Finding the last lag variables...
Data saved to../Data/Confusion/FR0.csv
Done!
