Importing packages...
Done!
****************************
Starting parameter sweep
****************************
--- Game parameters ---
Probabilit of a unicorn:  0.5
Number of players:  2
Grid size:  8 x 8
Number of rounds:  60
Number of dyads:  200


--- Fixed parameters ----
wALL:  0.05
wNOTHING:  0.05
wLEFT:  0.05
wIN:  0.05
alpha:  100
beta:  1000
gamma:  31.5
delta:  0
epsilon:  0
zeta:  0


Sweeping softmax...
--- Sweep parameters ----
softmax:  [0.1, 1, 2, 3]

----------
Sweep softmax=0.1
****************************
Running dyad no.  1
****************************

****************************
Running dyad no.  2
****************************

****************************
Running dyad no.  3
****************************

****************************
Running dyad no.  4
****************************

****************************
Running dyad no.  5
****************************

****************************
Running dyad no.  6
****************************

****************************
Running dyad no.  7
****************************

****************************
Running dyad no.  8
****************************

****************************
Running dyad no.  9
****************************

****************************
Running dyad no.  10
****************************

****************************
Running dyad no.  11
****************************

****************************
Running dyad no.  12
****************************

****************************
Running dyad no.  13
****************************

****************************
Running dyad no.  14
****************************

****************************
Running dyad no.  15
****************************

****************************
Running dyad no.  16
****************************

****************************
Running dyad no.  17
****************************

****************************
Running dyad no.  18
****************************

****************************
Running dyad no.  19
****************************

****************************
Running dyad no.  20
****************************

****************************
Running dyad no.  21
****************************

****************************
Running dyad no.  22
****************************

****************************
Running dyad no.  23
****************************

****************************
Running dyad no.  24
****************************

****************************
Running dyad no.  25
****************************

****************************
Running dyad no.  26
****************************

****************************
Running dyad no.  27
****************************

****************************
Running dyad no.  28
****************************

****************************
Running dyad no.  29
****************************

****************************
Running dyad no.  30
****************************

****************************
Running dyad no.  31
****************************

****************************
Running dyad no.  32
****************************

****************************
Running dyad no.  33
****************************

****************************
Running dyad no.  34
****************************

****************************
Running dyad no.  35
****************************

****************************
Running dyad no.  36
****************************

****************************
Running dyad no.  37
****************************

****************************
Running dyad no.  38
****************************

****************************
Running dyad no.  39
****************************

****************************
Running dyad no.  40
****************************

****************************
Running dyad no.  41
****************************

****************************
Running dyad no.  42
****************************

****************************
Running dyad no.  43
****************************

****************************
Running dyad no.  44
****************************

****************************
Running dyad no.  45
****************************

****************************
Running dyad no.  46
****************************

****************************
Running dyad no.  47
****************************

****************************
Running dyad no.  48
****************************

****************************
Running dyad no.  49
****************************

****************************
Running dyad no.  50
****************************

****************************
Running dyad no.  51
****************************

****************************
Running dyad no.  52
****************************

****************************
Running dyad no.  53
****************************

****************************
Running dyad no.  54
****************************

****************************
Running dyad no.  55
****************************

****************************
Running dyad no.  56
****************************

****************************
Running dyad no.  57
****************************

****************************
Running dyad no.  58
****************************

****************************
Running dyad no.  59
****************************

****************************
Running dyad no.  60
****************************

****************************
Running dyad no.  61
****************************

****************************
Running dyad no.  62
****************************

****************************
Running dyad no.  63
****************************

****************************
Running dyad no.  64
****************************

****************************
Running dyad no.  65
****************************

****************************
Running dyad no.  66
****************************

****************************
Running dyad no.  67
****************************

****************************
Running dyad no.  68
****************************

****************************
Running dyad no.  69
****************************

****************************
Running dyad no.  70
****************************

****************************
Running dyad no.  71
****************************

****************************
Running dyad no.  72
****************************

****************************
Running dyad no.  73
****************************

****************************
Running dyad no.  74
****************************

****************************
Running dyad no.  75
****************************

****************************
Running dyad no.  76
****************************

****************************
Running dyad no.  77
****************************

****************************
Running dyad no.  78
****************************

****************************
Running dyad no.  79
****************************

****************************
Running dyad no.  80
****************************

****************************
Running dyad no.  81
****************************

****************************
Running dyad no.  82
****************************

****************************
Running dyad no.  83
****************************

****************************
Running dyad no.  84
****************************

****************************
Running dyad no.  85
****************************

****************************
Running dyad no.  86
****************************

****************************
Running dyad no.  87
****************************

****************************
Running dyad no.  88
****************************

****************************
Running dyad no.  89
****************************

****************************
Running dyad no.  90
****************************

****************************
Running dyad no.  91
****************************

****************************
Running dyad no.  92
****************************

****************************
Running dyad no.  93
****************************

****************************
Running dyad no.  94
****************************

****************************
Running dyad no.  95
****************************

****************************
Running dyad no.  96
****************************

****************************
Running dyad no.  97
****************************

****************************
Running dyad no.  98
****************************

****************************
Running dyad no.  99
****************************

****************************
Running dyad no.  100
****************************

****************************
Running dyad no.  101
****************************

****************************
Running dyad no.  102
****************************

****************************
Running dyad no.  103
****************************

****************************
Running dyad no.  104
****************************

****************************
Running dyad no.  105
****************************

****************************
Running dyad no.  106
****************************

****************************
Running dyad no.  107
****************************

****************************
Running dyad no.  108
****************************

****************************
Running dyad no.  109
****************************

****************************
Running dyad no.  110
****************************

****************************
Running dyad no.  111
****************************

****************************
Running dyad no.  112
****************************

****************************
Running dyad no.  113
****************************

****************************
Running dyad no.  114
****************************

****************************
Running dyad no.  115
****************************

****************************
Running dyad no.  116
****************************

****************************
Running dyad no.  117
****************************

****************************
Running dyad no.  118
****************************

****************************
Running dyad no.  119
****************************

****************************
Running dyad no.  120
****************************

****************************
Running dyad no.  121
****************************

****************************
Running dyad no.  122
****************************

****************************
Running dyad no.  123
****************************

****************************
Running dyad no.  124
****************************

****************************
Running dyad no.  125
****************************

****************************
Running dyad no.  126
****************************

****************************
Running dyad no.  127
****************************

****************************
Running dyad no.  128
****************************

****************************
Running dyad no.  129
****************************

****************************
Running dyad no.  130
****************************

****************************
Running dyad no.  131
****************************

****************************
Running dyad no.  132
****************************

****************************
Running dyad no.  133
****************************

****************************
Running dyad no.  134
****************************

****************************
Running dyad no.  135
****************************

****************************
Running dyad no.  136
****************************

****************************
Running dyad no.  137
****************************

****************************
Running dyad no.  138
****************************

****************************
Running dyad no.  139
****************************

****************************
Running dyad no.  140
****************************

****************************
Running dyad no.  141
****************************

****************************
Running dyad no.  142
****************************

****************************
Running dyad no.  143
****************************

****************************
Running dyad no.  144
****************************

****************************
Running dyad no.  145
****************************

****************************
Running dyad no.  146
****************************

****************************
Running dyad no.  147
****************************

****************************
Running dyad no.  148
****************************

****************************
Running dyad no.  149
****************************

****************************
Running dyad no.  150
****************************

****************************
Running dyad no.  151
****************************

****************************
Running dyad no.  152
****************************

****************************
Running dyad no.  153
****************************

****************************
Running dyad no.  154
****************************

****************************
Running dyad no.  155
****************************

****************************
Running dyad no.  156
****************************

****************************
Running dyad no.  157
****************************

****************************
Running dyad no.  158
****************************

****************************
Running dyad no.  159
****************************

****************************
Running dyad no.  160
****************************

****************************
Running dyad no.  161
****************************

****************************
Running dyad no.  162
****************************

****************************
Running dyad no.  163
****************************

****************************
Running dyad no.  164
****************************

****************************
Running dyad no.  165
****************************

****************************
Running dyad no.  166
****************************

****************************
Running dyad no.  167
****************************

****************************
Running dyad no.  168
****************************

****************************
Running dyad no.  169
****************************

****************************
Running dyad no.  170
****************************

****************************
Running dyad no.  171
****************************

****************************
Running dyad no.  172
****************************

****************************
Running dyad no.  173
****************************

****************************
Running dyad no.  174
****************************

****************************
Running dyad no.  175
****************************

****************************
Running dyad no.  176
****************************

****************************
Running dyad no.  177
****************************

****************************
Running dyad no.  178
****************************

****************************
Running dyad no.  179
****************************

****************************
Running dyad no.  180
****************************

****************************
Running dyad no.  181
****************************

****************************
Running dyad no.  182
****************************

****************************
Running dyad no.  183
****************************

****************************
Running dyad no.  184
****************************

****************************
Running dyad no.  185
****************************

****************************
Running dyad no.  186
****************************

****************************
Running dyad no.  187
****************************

****************************
Running dyad no.  188
****************************

****************************
Running dyad no.  189
****************************

****************************
Running dyad no.  190
****************************

****************************
Running dyad no.  191
****************************

****************************
Running dyad no.  192
****************************

****************************
Running dyad no.  193
****************************

****************************
Running dyad no.  194
****************************

****************************
Running dyad no.  195
****************************

****************************
Running dyad no.  196
****************************

****************************
Running dyad no.  197
****************************

****************************
Running dyad no.  198
****************************

****************************
Running dyad no.  199
****************************

****************************
Running dyad no.  200
****************************

Sorting by Dyad, Player, Round...
Finding accumulated score...
Finding normalized score...
Finding the initial lag variables...
Trying to obtain classification from simulation...
Finding Size_visited...
Finding consistency...
Finding difference in consistency and Total_visited_dyad...
Finding distances to focal regions (please be patient)...
Finding the last lag variables...
Data saved to../Data/Sweeps/softmax/1-Sweep-softmax-0.1.csv

----------
Sweep softmax=1
****************************
Running dyad no.  1
****************************

****************************
Running dyad no.  2
****************************

****************************
Running dyad no.  3
****************************

****************************
Running dyad no.  4
****************************

****************************
Running dyad no.  5
****************************

****************************
Running dyad no.  6
****************************

****************************
Running dyad no.  7
****************************

****************************
Running dyad no.  8
****************************

****************************
Running dyad no.  9
****************************

****************************
Running dyad no.  10
****************************

****************************
Running dyad no.  11
****************************

****************************
Running dyad no.  12
****************************

****************************
Running dyad no.  13
****************************

****************************
Running dyad no.  14
****************************

****************************
Running dyad no.  15
****************************

****************************
Running dyad no.  16
****************************

****************************
Running dyad no.  17
****************************

****************************
Running dyad no.  18
****************************

****************************
Running dyad no.  19
****************************

****************************
Running dyad no.  20
****************************

****************************
Running dyad no.  21
****************************

****************************
Running dyad no.  22
****************************

****************************
Running dyad no.  23
****************************

****************************
Running dyad no.  24
****************************

****************************
Running dyad no.  25
****************************

****************************
Running dyad no.  26
****************************

****************************
Running dyad no.  27
****************************

****************************
Running dyad no.  28
****************************

****************************
Running dyad no.  29
****************************

****************************
Running dyad no.  30
****************************

****************************
Running dyad no.  31
****************************

****************************
Running dyad no.  32
****************************

****************************
Running dyad no.  33
****************************

****************************
Running dyad no.  34
****************************

****************************
Running dyad no.  35
****************************

****************************
Running dyad no.  36
****************************

****************************
Running dyad no.  37
****************************

****************************
Running dyad no.  38
****************************

****************************
Running dyad no.  39
****************************

****************************
Running dyad no.  40
****************************

****************************
Running dyad no.  41
****************************

****************************
Running dyad no.  42
****************************

****************************
Running dyad no.  43
****************************

****************************
Running dyad no.  44
****************************

****************************
Running dyad no.  45
****************************

****************************
Running dyad no.  46
****************************

****************************
Running dyad no.  47
****************************

****************************
Running dyad no.  48
****************************

****************************
Running dyad no.  49
****************************

****************************
Running dyad no.  50
****************************

****************************
Running dyad no.  51
****************************

****************************
Running dyad no.  52
****************************

****************************
Running dyad no.  53
****************************

****************************
Running dyad no.  54
****************************

****************************
Running dyad no.  55
****************************

****************************
Running dyad no.  56
****************************

****************************
Running dyad no.  57
****************************

****************************
Running dyad no.  58
****************************

****************************
Running dyad no.  59
****************************

****************************
Running dyad no.  60
****************************

****************************
Running dyad no.  61
****************************

****************************
Running dyad no.  62
****************************

****************************
Running dyad no.  63
****************************

****************************
Running dyad no.  64
****************************

****************************
Running dyad no.  65
****************************

****************************
Running dyad no.  66
****************************

****************************
Running dyad no.  67
****************************

****************************
Running dyad no.  68
****************************

****************************
Running dyad no.  69
****************************

****************************
Running dyad no.  70
****************************

****************************
Running dyad no.  71
****************************

****************************
Running dyad no.  72
****************************

****************************
Running dyad no.  73
****************************

****************************
Running dyad no.  74
****************************

****************************
Running dyad no.  75
****************************

****************************
Running dyad no.  76
****************************

****************************
Running dyad no.  77
****************************

****************************
Running dyad no.  78
****************************

****************************
Running dyad no.  79
****************************

****************************
Running dyad no.  80
****************************

****************************
Running dyad no.  81
****************************

****************************
Running dyad no.  82
****************************

****************************
Running dyad no.  83
****************************

****************************
Running dyad no.  84
****************************

****************************
Running dyad no.  85
****************************

****************************
Running dyad no.  86
****************************

****************************
Running dyad no.  87
****************************

****************************
Running dyad no.  88
****************************

****************************
Running dyad no.  89
****************************

****************************
Running dyad no.  90
****************************

****************************
Running dyad no.  91
****************************

****************************
Running dyad no.  92
****************************

****************************
Running dyad no.  93
****************************

****************************
Running dyad no.  94
****************************

****************************
Running dyad no.  95
****************************

****************************
Running dyad no.  96
****************************

****************************
Running dyad no.  97
****************************

****************************
Running dyad no.  98
****************************

****************************
Running dyad no.  99
****************************

****************************
Running dyad no.  100
****************************

****************************
Running dyad no.  101
****************************

****************************
Running dyad no.  102
****************************

****************************
Running dyad no.  103
****************************

****************************
Running dyad no.  104
****************************

****************************
Running dyad no.  105
****************************

****************************
Running dyad no.  106
****************************

****************************
Running dyad no.  107
****************************

****************************
Running dyad no.  108
****************************

****************************
Running dyad no.  109
****************************

****************************
Running dyad no.  110
****************************

****************************
Running dyad no.  111
****************************

****************************
Running dyad no.  112
****************************

****************************
Running dyad no.  113
****************************

****************************
Running dyad no.  114
****************************

****************************
Running dyad no.  115
****************************

****************************
Running dyad no.  116
****************************

****************************
Running dyad no.  117
****************************

****************************
Running dyad no.  118
****************************

****************************
Running dyad no.  119
****************************

****************************
Running dyad no.  120
****************************

****************************
Running dyad no.  121
****************************

****************************
Running dyad no.  122
****************************

****************************
Running dyad no.  123
****************************

****************************
Running dyad no.  124
****************************

****************************
Running dyad no.  125
****************************

****************************
Running dyad no.  126
****************************

****************************
Running dyad no.  127
****************************

****************************
Running dyad no.  128
****************************

****************************
Running dyad no.  129
****************************

****************************
Running dyad no.  130
****************************

****************************
Running dyad no.  131
****************************

****************************
Running dyad no.  132
****************************

****************************
Running dyad no.  133
****************************

****************************
Running dyad no.  134
****************************

****************************
Running dyad no.  135
****************************

****************************
Running dyad no.  136
****************************

****************************
Running dyad no.  137
****************************

****************************
Running dyad no.  138
****************************

****************************
Running dyad no.  139
****************************

****************************
Running dyad no.  140
****************************

****************************
Running dyad no.  141
****************************

****************************
Running dyad no.  142
****************************

****************************
Running dyad no.  143
****************************

****************************
Running dyad no.  144
****************************

****************************
Running dyad no.  145
****************************

****************************
Running dyad no.  146
****************************

****************************
Running dyad no.  147
****************************

****************************
Running dyad no.  148
****************************

****************************
Running dyad no.  149
****************************

****************************
Running dyad no.  150
****************************

****************************
Running dyad no.  151
****************************

****************************
Running dyad no.  152
****************************

****************************
Running dyad no.  153
****************************

****************************
Running dyad no.  154
****************************

****************************
Running dyad no.  155
****************************

****************************
Running dyad no.  156
****************************

****************************
Running dyad no.  157
****************************

****************************
Running dyad no.  158
****************************

****************************
Running dyad no.  159
****************************

****************************
Running dyad no.  160
****************************

****************************
Running dyad no.  161
****************************

****************************
Running dyad no.  162
****************************

****************************
Running dyad no.  163
****************************

****************************
Running dyad no.  164
****************************

****************************
Running dyad no.  165
****************************

****************************
Running dyad no.  166
****************************

****************************
Running dyad no.  167
****************************

****************************
Running dyad no.  168
****************************

****************************
Running dyad no.  169
****************************

****************************
Running dyad no.  170
****************************

****************************
Running dyad no.  171
****************************

****************************
Running dyad no.  172
****************************

****************************
Running dyad no.  173
****************************

****************************
Running dyad no.  174
****************************

****************************
Running dyad no.  175
****************************

****************************
Running dyad no.  176
****************************

****************************
Running dyad no.  177
****************************

****************************
Running dyad no.  178
****************************

****************************
Running dyad no.  179
****************************

****************************
Running dyad no.  180
****************************

****************************
Running dyad no.  181
****************************

****************************
Running dyad no.  182
****************************

****************************
Running dyad no.  183
****************************

****************************
Running dyad no.  184
****************************

****************************
Running dyad no.  185
****************************

****************************
Running dyad no.  186
****************************

****************************
Running dyad no.  187
****************************

****************************
Running dyad no.  188
****************************

****************************
Running dyad no.  189
****************************

****************************
Running dyad no.  190
****************************

****************************
Running dyad no.  191
****************************

****************************
Running dyad no.  192
****************************

****************************
Running dyad no.  193
****************************

****************************
Running dyad no.  194
****************************

****************************
Running dyad no.  195
****************************

****************************
Running dyad no.  196
****************************

****************************
Running dyad no.  197
****************************

****************************
Running dyad no.  198
****************************

****************************
Running dyad no.  199
****************************

****************************
Running dyad no.  200
****************************

Sorting by Dyad, Player, Round...
Finding accumulated score...
Finding normalized score...
Finding the initial lag variables...
Trying to obtain classification from simulation...
Finding Size_visited...
Finding consistency...
Finding difference in consistency and Total_visited_dyad...
Finding distances to focal regions (please be patient)...
Finding the last lag variables...
Data saved to../Data/Sweeps/softmax/2-Sweep-softmax-1.csv

----------
Sweep softmax=2
****************************
Running dyad no.  1
****************************

****************************
Running dyad no.  2
****************************

****************************
Running dyad no.  3
****************************

****************************
Running dyad no.  4
****************************

****************************
Running dyad no.  5
****************************

****************************
Running dyad no.  6
****************************

****************************
Running dyad no.  7
****************************

****************************
Running dyad no.  8
****************************

****************************
Running dyad no.  9
****************************

****************************
Running dyad no.  10
****************************

****************************
Running dyad no.  11
****************************

****************************
Running dyad no.  12
****************************

****************************
Running dyad no.  13
****************************

****************************
Running dyad no.  14
****************************

****************************
Running dyad no.  15
****************************

****************************
Running dyad no.  16
****************************

****************************
Running dyad no.  17
****************************

****************************
Running dyad no.  18
****************************

****************************
Running dyad no.  19
****************************

****************************
Running dyad no.  20
****************************

****************************
Running dyad no.  21
****************************

****************************
Running dyad no.  22
****************************

****************************
Running dyad no.  23
****************************

****************************
Running dyad no.  24
****************************

****************************
Running dyad no.  25
****************************

****************************
Running dyad no.  26
****************************

****************************
Running dyad no.  27
****************************

****************************
Running dyad no.  28
****************************

****************************
Running dyad no.  29
****************************

****************************
Running dyad no.  30
****************************

****************************
Running dyad no.  31
****************************

****************************
Running dyad no.  32
****************************

****************************
Running dyad no.  33
****************************

****************************
Running dyad no.  34
****************************

****************************
Running dyad no.  35
****************************

****************************
Running dyad no.  36
****************************

****************************
Running dyad no.  37
****************************

****************************
Running dyad no.  38
****************************

****************************
Running dyad no.  39
****************************

****************************
Running dyad no.  40
****************************

****************************
Running dyad no.  41
****************************

****************************
Running dyad no.  42
****************************

****************************
Running dyad no.  43
****************************

****************************
Running dyad no.  44
****************************

****************************
Running dyad no.  45
****************************

****************************
Running dyad no.  46
****************************

****************************
Running dyad no.  47
****************************

****************************
Running dyad no.  48
****************************

****************************
Running dyad no.  49
****************************

****************************
Running dyad no.  50
****************************

****************************
Running dyad no.  51
****************************

****************************
Running dyad no.  52
****************************

****************************
Running dyad no.  53
****************************

****************************
Running dyad no.  54
****************************

****************************
Running dyad no.  55
****************************

****************************
Running dyad no.  56
****************************

****************************
Running dyad no.  57
****************************

****************************
Running dyad no.  58
****************************

****************************
Running dyad no.  59
****************************

****************************
Running dyad no.  60
****************************

****************************
Running dyad no.  61
****************************

****************************
Running dyad no.  62
****************************

****************************
Running dyad no.  63
****************************

****************************
Running dyad no.  64
****************************

****************************
Running dyad no.  65
****************************

****************************
Running dyad no.  66
****************************

****************************
Running dyad no.  67
****************************

****************************
Running dyad no.  68
****************************

****************************
Running dyad no.  69
****************************

****************************
Running dyad no.  70
****************************

****************************
Running dyad no.  71
****************************

****************************
Running dyad no.  72
****************************

****************************
Running dyad no.  73
****************************

****************************
Running dyad no.  74
****************************

****************************
Running dyad no.  75
****************************

****************************
Running dyad no.  76
****************************

****************************
Running dyad no.  77
****************************

****************************
Running dyad no.  78
****************************

****************************
Running dyad no.  79
****************************

****************************
Running dyad no.  80
****************************

****************************
Running dyad no.  81
****************************

****************************
Running dyad no.  82
****************************

****************************
Running dyad no.  83
****************************

****************************
Running dyad no.  84
****************************

****************************
Running dyad no.  85
****************************

****************************
Running dyad no.  86
****************************

****************************
Running dyad no.  87
****************************

****************************
Running dyad no.  88
****************************

****************************
Running dyad no.  89
****************************

****************************
Running dyad no.  90
****************************

****************************
Running dyad no.  91
****************************

****************************
Running dyad no.  92
****************************

****************************
Running dyad no.  93
****************************

****************************
Running dyad no.  94
****************************

****************************
Running dyad no.  95
****************************

****************************
Running dyad no.  96
****************************

****************************
Running dyad no.  97
****************************

****************************
Running dyad no.  98
****************************

****************************
Running dyad no.  99
****************************

****************************
Running dyad no.  100
****************************

****************************
Running dyad no.  101
****************************

****************************
Running dyad no.  102
****************************

****************************
Running dyad no.  103
****************************

****************************
Running dyad no.  104
****************************

****************************
Running dyad no.  105
****************************

****************************
Running dyad no.  106
****************************

****************************
Running dyad no.  107
****************************

****************************
Running dyad no.  108
****************************

****************************
Running dyad no.  109
****************************

****************************
Running dyad no.  110
****************************

****************************
Running dyad no.  111
****************************

****************************
Running dyad no.  112
****************************

****************************
Running dyad no.  113
****************************

****************************
Running dyad no.  114
****************************

****************************
Running dyad no.  115
****************************

****************************
Running dyad no.  116
****************************

****************************
Running dyad no.  117
****************************

****************************
Running dyad no.  118
****************************

****************************
Running dyad no.  119
****************************

****************************
Running dyad no.  120
****************************

****************************
Running dyad no.  121
****************************

****************************
Running dyad no.  122
****************************

****************************
Running dyad no.  123
****************************

****************************
Running dyad no.  124
****************************

****************************
Running dyad no.  125
****************************

****************************
Running dyad no.  126
****************************

****************************
Running dyad no.  127
****************************

****************************
Running dyad no.  128
****************************

****************************
Running dyad no.  129
****************************

****************************
Running dyad no.  130
****************************

****************************
Running dyad no.  131
****************************

****************************
Running dyad no.  132
****************************

****************************
Running dyad no.  133
****************************

****************************
Running dyad no.  134
****************************

****************************
Running dyad no.  135
****************************

****************************
Running dyad no.  136
****************************

****************************
Running dyad no.  137
****************************

****************************
Running dyad no.  138
****************************

****************************
Running dyad no.  139
****************************

****************************
Running dyad no.  140
****************************

****************************
Running dyad no.  141
****************************

****************************
Running dyad no.  142
****************************

****************************
Running dyad no.  143
****************************

****************************
Running dyad no.  144
****************************

****************************
Running dyad no.  145
****************************

****************************
Running dyad no.  146
****************************

****************************
Running dyad no.  147
****************************

****************************
Running dyad no.  148
****************************

****************************
Running dyad no.  149
****************************

****************************
Running dyad no.  150
****************************

****************************
Running dyad no.  151
****************************

****************************
Running dyad no.  152
****************************

****************************
Running dyad no.  153
****************************

****************************
Running dyad no.  154
****************************

****************************
Running dyad no.  155
****************************

****************************
Running dyad no.  156
****************************

****************************
Running dyad no.  157
****************************

****************************
Running dyad no.  158
****************************

****************************
Running dyad no.  159
****************************

****************************
Running dyad no.  160
****************************

****************************
Running dyad no.  161
****************************

****************************
Running dyad no.  162
****************************

****************************
Running dyad no.  163
****************************

****************************
Running dyad no.  164
****************************

****************************
Running dyad no.  165
****************************

****************************
Running dyad no.  166
****************************

****************************
Running dyad no.  167
****************************

****************************
Running dyad no.  168
****************************

****************************
Running dyad no.  169
****************************

****************************
Running dyad no.  170
****************************

****************************
Running dyad no.  171
****************************

****************************
Running dyad no.  172
****************************

****************************
Running dyad no.  173
****************************

****************************
Running dyad no.  174
****************************

****************************
Running dyad no.  175
****************************

****************************
Running dyad no.  176
****************************

****************************
Running dyad no.  177
****************************

****************************
Running dyad no.  178
****************************

****************************
Running dyad no.  179
****************************

****************************
Running dyad no.  180
****************************

****************************
Running dyad no.  181
****************************

****************************
Running dyad no.  182
****************************

****************************
Running dyad no.  183
****************************

****************************
Running dyad no.  184
****************************

****************************
Running dyad no.  185
****************************

****************************
Running dyad no.  186
****************************

****************************
Running dyad no.  187
****************************

****************************
Running dyad no.  188
****************************

****************************
Running dyad no.  189
****************************

****************************
Running dyad no.  190
****************************

****************************
Running dyad no.  191
****************************

****************************
Running dyad no.  192
****************************

****************************
Running dyad no.  193
****************************

****************************
Running dyad no.  194
****************************

****************************
Running dyad no.  195
****************************

****************************
Running dyad no.  196
****************************

****************************
Running dyad no.  197
****************************

****************************
Running dyad no.  198
****************************

****************************
Running dyad no.  199
****************************

****************************
Running dyad no.  200
****************************

Sorting by Dyad, Player, Round...
Finding accumulated score...
Finding normalized score...
Finding the initial lag variables...
Trying to obtain classification from simulation...
Finding Size_visited...
Finding consistency...
Finding difference in consistency and Total_visited_dyad...
Finding distances to focal regions (please be patient)...
Finding the last lag variables...
Data saved to../Data/Sweeps/softmax/3-Sweep-softmax-2.csv

----------
Sweep softmax=3
****************************
Running dyad no.  1
****************************

****************************
Running dyad no.  2
****************************

****************************
Running dyad no.  3
****************************

****************************
Running dyad no.  4
****************************

****************************
Running dyad no.  5
****************************

****************************
Running dyad no.  6
****************************

****************************
Running dyad no.  7
****************************

****************************
Running dyad no.  8
****************************

****************************
Running dyad no.  9
****************************

****************************
Running dyad no.  10
****************************

****************************
Running dyad no.  11
****************************

****************************
Running dyad no.  12
****************************

****************************
Running dyad no.  13
****************************

****************************
Running dyad no.  14
****************************

****************************
Running dyad no.  15
****************************

****************************
Running dyad no.  16
****************************

****************************
Running dyad no.  17
****************************

****************************
Running dyad no.  18
****************************

****************************
Running dyad no.  19
****************************

****************************
Running dyad no.  20
****************************

****************************
Running dyad no.  21
****************************

****************************
Running dyad no.  22
****************************

****************************
Running dyad no.  23
****************************

****************************
Running dyad no.  24
****************************

****************************
Running dyad no.  25
****************************

****************************
Running dyad no.  26
****************************

****************************
Running dyad no.  27
****************************

****************************
Running dyad no.  28
****************************

****************************
Running dyad no.  29
****************************

****************************
Running dyad no.  30
****************************

****************************
Running dyad no.  31
****************************

****************************
Running dyad no.  32
****************************

****************************
Running dyad no.  33
****************************

****************************
Running dyad no.  34
****************************

****************************
Running dyad no.  35
****************************

****************************
Running dyad no.  36
****************************

****************************
Running dyad no.  37
****************************

****************************
Running dyad no.  38
****************************

****************************
Running dyad no.  39
****************************

****************************
Running dyad no.  40
****************************

****************************
Running dyad no.  41
****************************

****************************
Running dyad no.  42
****************************

****************************
Running dyad no.  43
****************************

****************************
Running dyad no.  44
****************************

****************************
Running dyad no.  45
****************************

****************************
Running dyad no.  46
****************************

****************************
Running dyad no.  47
****************************

****************************
Running dyad no.  48
****************************

****************************
Running dyad no.  49
****************************

****************************
Running dyad no.  50
****************************

****************************
Running dyad no.  51
****************************

****************************
Running dyad no.  52
****************************

****************************
Running dyad no.  53
****************************

****************************
Running dyad no.  54
****************************

****************************
Running dyad no.  55
****************************

****************************
Running dyad no.  56
****************************

****************************
Running dyad no.  57
****************************

****************************
Running dyad no.  58
****************************

****************************
Running dyad no.  59
****************************

****************************
Running dyad no.  60
****************************

****************************
Running dyad no.  61
****************************

****************************
Running dyad no.  62
****************************

****************************
Running dyad no.  63
****************************

****************************
Running dyad no.  64
****************************

****************************
Running dyad no.  65
****************************

****************************
Running dyad no.  66
****************************

****************************
Running dyad no.  67
****************************

****************************
Running dyad no.  68
****************************

****************************
Running dyad no.  69
****************************

****************************
Running dyad no.  70
****************************

****************************
Running dyad no.  71
****************************

****************************
Running dyad no.  72
****************************

****************************
Running dyad no.  73
****************************

****************************
Running dyad no.  74
****************************

****************************
Running dyad no.  75
****************************

****************************
Running dyad no.  76
****************************

****************************
Running dyad no.  77
****************************

****************************
Running dyad no.  78
****************************

****************************
Running dyad no.  79
****************************

****************************
Running dyad no.  80
****************************

****************************
Running dyad no.  81
****************************

****************************
Running dyad no.  82
****************************

****************************
Running dyad no.  83
****************************

****************************
Running dyad no.  84
****************************

****************************
Running dyad no.  85
****************************

****************************
Running dyad no.  86
****************************

****************************
Running dyad no.  87
****************************

****************************
Running dyad no.  88
****************************

****************************
Running dyad no.  89
****************************

****************************
Running dyad no.  90
****************************

****************************
Running dyad no.  91
****************************

****************************
Running dyad no.  92
****************************

****************************
Running dyad no.  93
****************************

****************************
Running dyad no.  94
****************************

****************************
Running dyad no.  95
****************************

****************************
Running dyad no.  96
****************************

****************************
Running dyad no.  97
****************************

****************************
Running dyad no.  98
****************************

****************************
Running dyad no.  99
****************************

****************************
Running dyad no.  100
****************************

****************************
Running dyad no.  101
****************************

****************************
Running dyad no.  102
****************************

****************************
Running dyad no.  103
****************************

****************************
Running dyad no.  104
****************************

****************************
Running dyad no.  105
****************************

****************************
Running dyad no.  106
****************************

****************************
Running dyad no.  107
****************************

****************************
Running dyad no.  108
****************************

****************************
Running dyad no.  109
****************************

****************************
Running dyad no.  110
****************************

****************************
Running dyad no.  111
****************************

****************************
Running dyad no.  112
****************************

****************************
Running dyad no.  113
****************************

****************************
Running dyad no.  114
****************************

****************************
Running dyad no.  115
****************************

****************************
Running dyad no.  116
****************************

****************************
Running dyad no.  117
****************************

****************************
Running dyad no.  118
****************************

****************************
Running dyad no.  119
****************************

****************************
Running dyad no.  120
****************************

****************************
Running dyad no.  121
****************************

****************************
Running dyad no.  122
****************************

****************************
Running dyad no.  123
****************************

****************************
Running dyad no.  124
****************************

****************************
Running dyad no.  125
****************************

****************************
Running dyad no.  126
****************************

****************************
Running dyad no.  127
****************************

****************************
Running dyad no.  128
****************************

****************************
Running dyad no.  129
****************************

****************************
Running dyad no.  130
****************************

****************************
Running dyad no.  131
****************************

****************************
Running dyad no.  132
****************************

****************************
Running dyad no.  133
****************************

****************************
Running dyad no.  134
****************************

****************************
Running dyad no.  135
****************************

****************************
Running dyad no.  136
****************************

****************************
Running dyad no.  137
****************************

****************************
Running dyad no.  138
****************************

****************************
Running dyad no.  139
****************************

****************************
Running dyad no.  140
****************************

****************************
Running dyad no.  141
****************************

****************************
Running dyad no.  142
****************************

****************************
Running dyad no.  143
****************************

****************************
Running dyad no.  144
****************************

****************************
Running dyad no.  145
****************************

****************************
Running dyad no.  146
****************************

****************************
Running dyad no.  147
****************************

****************************
Running dyad no.  148
****************************

****************************
Running dyad no.  149
****************************

****************************
Running dyad no.  150
****************************

****************************
Running dyad no.  151
****************************

****************************
Running dyad no.  152
****************************

****************************
Running dyad no.  153
****************************

****************************
Running dyad no.  154
****************************

****************************
Running dyad no.  155
****************************

****************************
Running dyad no.  156
****************************

****************************
Running dyad no.  157
****************************

****************************
Running dyad no.  158
****************************

****************************
Running dyad no.  159
****************************

****************************
Running dyad no.  160
****************************

****************************
Running dyad no.  161
****************************

****************************
Running dyad no.  162
****************************

****************************
Running dyad no.  163
****************************

****************************
Running dyad no.  164
****************************

****************************
Running dyad no.  165
****************************

****************************
Running dyad no.  166
****************************

****************************
Running dyad no.  167
****************************

****************************
Running dyad no.  168
****************************

****************************
Running dyad no.  169
****************************

****************************
Running dyad no.  170
****************************

****************************
Running dyad no.  171
****************************

****************************
Running dyad no.  172
****************************

****************************
Running dyad no.  173
****************************

****************************
Running dyad no.  174
****************************

****************************
Running dyad no.  175
****************************

****************************
Running dyad no.  176
****************************

****************************
Running dyad no.  177
****************************

****************************
Running dyad no.  178
****************************

****************************
Running dyad no.  179
****************************

****************************
Running dyad no.  180
****************************

****************************
Running dyad no.  181
****************************

****************************
Running dyad no.  182
****************************

****************************
Running dyad no.  183
****************************

****************************
Running dyad no.  184
****************************

****************************
Running dyad no.  185
****************************

****************************
Running dyad no.  186
****************************

****************************
Running dyad no.  187
****************************

****************************
Running dyad no.  188
****************************

****************************
Running dyad no.  189
****************************

****************************
Running dyad no.  190
****************************

****************************
Running dyad no.  191
****************************

****************************
Running dyad no.  192
****************************

****************************
Running dyad no.  193
****************************

****************************
Running dyad no.  194
****************************

****************************
Running dyad no.  195
****************************

****************************
Running dyad no.  196
****************************

****************************
Running dyad no.  197
****************************

****************************
Running dyad no.  198
****************************

****************************
Running dyad no.  199
****************************

****************************
Running dyad no.  200
****************************

Sorting by Dyad, Player, Round...
Finding accumulated score...
Finding normalized score...
Finding the initial lag variables...
Trying to obtain classification from simulation...
Finding Size_visited...
Finding consistency...
Finding difference in consistency and Total_visited_dyad...
Finding distances to focal regions (please be patient)...
Finding the last lag variables...
Data saved to../Data/Sweeps/softmax/4-Sweep-softmax-3.csv
