[1] "Loading and preparing data ../Data/Confusion/MB0.csv ..."
        Dyad Player  Region                            RegionFULL RegionGo
1 1191511900 119004      RS    abegilnopstuxyABDEHJKNORTUVZ01356;       RS
2 1191511900 119004      RS dhijklorstuwxyBCDEGHJKPQRVWXZ02345789       RS
3 1191511900 119004      RS                          bdptwBJNSU69       RS
4 1191511900 119004      RS                fglmpwxDFGKNORSVW12458       RS
5 1191511900 119004      RS                  bfhkuvxyzEHIKNRST789  NOTHING
6 1191511900 119004 NOTHING                                             RS
                 RJcode Score
1     abituxyBJTUVZ136;    15
2 ilrstxBCDEGHJKPVW2459    11
3                 bdpS6    27
4         lmpwGNORSW148    19
5                 bkux9    27
6                         -64
 [1] "Oops, region is ambiguous! b NOTHING \nindex1 6"   
 [2] "Oops, region is ambiguous! b RS \nindex1 25"       
 [3] "Oops, region is ambiguous! b TOP \nindex1 90"      
 [4] "Oops, region is ambiguous! b NOTHING \nindex1 191" 
 [5] "Oops, region is ambiguous! b RS \nindex1 383"      
 [6] "Oops, region is ambiguous! b TOP \nindex1 569"     
 [7] "Oops, region is ambiguous! b NOTHING \nindex1 586" 
 [8] "Oops, region is ambiguous! b RS \nindex1 596"      
 [9] "Oops, region is ambiguous! b TOP \nindex1 610"     
[10] "Oops, region is ambiguous! b NOTHING \nindex1 691" 
[11] "Oops, region is ambiguous! b RS \nindex1 789"      
[12] "Oops, region is ambiguous! b TOP \nindex1 832"     
[13] "Oops, region is ambiguous! b NOTHING \nindex1 914" 
[14] "Oops, region is ambiguous! b RS \nindex1 959"      
[15] "Oops, region is ambiguous! b TOP \nindex1 1021"    
[16] "Oops, region is ambiguous! b NOTHING \nindex1 1032"
[17] "Oops, region is ambiguous! b RS \nindex1 1163"     
[18] "Oops, region is ambiguous! b TOP \nindex1 1183"    
[19] "Oops, region is ambiguous! b NOTHING \nindex1 1229"
[20] "Oops, region is ambiguous! b RS \nindex1 1316"     
[21] "Oops, region is ambiguous! b TOP \nindex1 1438"    
[22] "Oops, region is ambiguous! b NOTHING \nindex1 1547"
[23] "Oops, region is ambiguous! b RS \nindex1 1679"     
[24] "Oops, region is ambiguous! b TOP \nindex1 1743"    
[25] "Oops, region is ambiguous! b NOTHING \nindex1 1806"
[26] "Oops, region is ambiguous! b RS \nindex1 1961"     
[27] "Oops, region is ambiguous! b TOP \nindex1 1966"    
[28] "Oops, region is ambiguous! b NOTHING \nindex1 1990"
[29] "Oops, region is ambiguous! b RS \nindex1 2065"     
[30] "Oops, region is ambiguous! b TOP \nindex1 2112"    
[31] "Oops, region is ambiguous! b NOTHING \nindex1 2237"
[32] "Oops, region is ambiguous! b RS \nindex1 2284"     
[33] "Oops, region is ambiguous! b TOP \nindex1 2357"    
[34] "Oops, region is ambiguous! b NOTHING \nindex1 2398"
[35] "Oops, region is ambiguous! b RS \nindex1 2450"     
[36] "Oops, region is ambiguous! b TOP \nindex1 2452"    
[37] "Oops, region is ambiguous! b NOTHING \nindex1 2572"
[38] "Oops, region is ambiguous! b RS \nindex1 2613"     
[39] "Oops, region is ambiguous! b TOP \nindex1 2614"    
[40] "Oops, region is ambiguous! b NOTHING \nindex1 2628"
[41] "Oops, region is ambiguous! b RS \nindex1 2685"     
[42] "Oops, region is ambiguous! b TOP \nindex1 2736"    
[43] "Oops, region is ambiguous! b NOTHING \nindex1 3211"
[44] "Oops, region is ambiguous! b RS \nindex1 3228"     
[45] "Oops, region is ambiguous! b TOP \nindex1 3325"    
[46] "Oops, region is ambiguous! b NOTHING \nindex1 3379"
[47] "Oops, region is ambiguous! b RS \nindex1 3490"     
[48] "Oops, region is ambiguous! b TOP \nindex1 3701"    
[49] "Oops, region is ambiguous! b NOTHING \nindex1 3708"
[50] "Oops, region is ambiguous! b RS \nindex1 3805"     
[51] "Oops, region is ambiguous! b TOP \nindex1 3837"    
[52] "Oops, region is ambiguous! b NOTHING \nindex1 3876"
[53] "Oops, region is ambiguous! b RS \nindex1 3884"     
[54] "Oops, region is ambiguous! b TOP \nindex1 3891"    
[55] "Oops, region is ambiguous! b NOTHING \nindex1 3940"
[56] "Oops, region is ambiguous! b RS \nindex1 4033"     
[57] "Oops, region is ambiguous! b TOP \nindex1 4097"    
[58] "Oops, region is ambiguous! b NOTHING \nindex1 4459"
[59] "Oops, region is ambiguous! b RS \nindex1 4477"     
[60] "Oops, region is ambiguous! b TOP \nindex1 4507"    
[61] "Oops, region is ambiguous! b NOTHING \nindex1 4566"
[62] "Oops, region is ambiguous! b RS \nindex1 4704"     
[63] "Oops, region is ambiguous! b TOP \nindex1 4803"    
[64] "Oops, region is ambiguous! b NOTHING \nindex1 4847"
[65] "Oops, region is ambiguous! b RS \nindex1 4854"     
[66] "Oops, region is ambiguous! b TOP \nindex1 4874"    
[67] "Oops, region is ambiguous! b NOTHING \nindex1 4929"
[68] "Oops, region is ambiguous! b RS \nindex1 5043"     
[69] "Oops, region is ambiguous! b TOP \nindex1 5061"    
[70] "Oops, region is ambiguous! b NOTHING \nindex1 5065"
[71] "Oops, region is ambiguous! b RS \nindex1 5124"     
[72] "Oops, region is ambiguous! b TOP \nindex1 5143"    
[73] "Oops, region is ambiguous! b NOTHING \nindex1 5303"
[74] "Oops, region is ambiguous! b RS \nindex1 5336"     
[75] "Oops, region is ambiguous! b TOP \nindex1 5346"    
[76] "Oops, region is ambiguous! b NOTHING \nindex1 5427"
[77] "Oops, region is ambiguous! b RS \nindex1 5459"     
[78] "Oops, region is ambiguous! b TOP \nindex1 5493"    
[79] "Oops, region is ambiguous! b NOTHING \nindex1 5522"
[80] "Oops, region is ambiguous! b RS \nindex1 5692"     
[81] "Oops, region is ambiguous! b TOP \nindex1 5761"    
[82] "Oops, region is ambiguous! b NOTHING \nindex1 5762"
[83] "Oops, region is ambiguous! b RS \nindex1 5890"     
[84] "Oops, region is ambiguous! b TOP \nindex1 5935"    
[85] "Oops, region is ambiguous! b NOTHING \nindex1 5949"
[86] "Oops, region is ambiguous! b RS \nindex1 5956"     
 [1] "Oops, region is ambiguous! b NOTHING \nindex1 6"   
 [2] "Oops, region is ambiguous! b RS \nindex1 25"       
 [3] "Oops, region is ambiguous! b TOP \nindex1 90"      
 [4] "Oops, region is ambiguous! b NOTHING \nindex1 191" 
 [5] "Oops, region is ambiguous! b RS \nindex1 383"      
 [6] "Oops, region is ambiguous! b TOP \nindex1 569"     
 [7] "Oops, region is ambiguous! b NOTHING \nindex1 586" 
 [8] "Oops, region is ambiguous! b RS \nindex1 596"      
 [9] "Oops, region is ambiguous! b TOP \nindex1 610"     
[10] "Oops, region is ambiguous! b NOTHING \nindex1 691" 
[11] "Oops, region is ambiguous! b RS \nindex1 789"      
[12] "Oops, region is ambiguous! b TOP \nindex1 832"     
[13] "Oops, region is ambiguous! b NOTHING \nindex1 914" 
[14] "Oops, region is ambiguous! b RS \nindex1 959"      
[15] "Oops, region is ambiguous! b TOP \nindex1 1021"    
[16] "Oops, region is ambiguous! b NOTHING \nindex1 1032"
[17] "Oops, region is ambiguous! b RS \nindex1 1163"     
[18] "Oops, region is ambiguous! b TOP \nindex1 1183"    
[19] "Oops, region is ambiguous! b NOTHING \nindex1 1229"
[20] "Oops, region is ambiguous! b RS \nindex1 1316"     
[21] "Oops, region is ambiguous! b TOP \nindex1 1438"    
[22] "Oops, region is ambiguous! b NOTHING \nindex1 1547"
[23] "Oops, region is ambiguous! b RS \nindex1 1679"     
[24] "Oops, region is ambiguous! b TOP \nindex1 1743"    
[25] "Oops, region is ambiguous! b NOTHING \nindex1 1806"
[26] "Oops, region is ambiguous! b RS \nindex1 1961"     
[27] "Oops, region is ambiguous! b TOP \nindex1 1966"    
[28] "Oops, region is ambiguous! b NOTHING \nindex1 1990"
[29] "Oops, region is ambiguous! b RS \nindex1 2065"     
[30] "Oops, region is ambiguous! b TOP \nindex1 2112"    
[31] "Oops, region is ambiguous! b NOTHING \nindex1 2237"
[32] "Oops, region is ambiguous! b RS \nindex1 2284"     
[33] "Oops, region is ambiguous! b TOP \nindex1 2357"    
[34] "Oops, region is ambiguous! b NOTHING \nindex1 2398"
[35] "Oops, region is ambiguous! b RS \nindex1 2450"     
[36] "Oops, region is ambiguous! b TOP \nindex1 2452"    
[37] "Oops, region is ambiguous! b NOTHING \nindex1 2572"
[38] "Oops, region is ambiguous! b RS \nindex1 2613"     
[39] "Oops, region is ambiguous! b TOP \nindex1 2614"    
[40] "Oops, region is ambiguous! b NOTHING \nindex1 2628"
[41] "Oops, region is ambiguous! b RS \nindex1 2685"     
[42] "Oops, region is ambiguous! b TOP \nindex1 2736"    
[43] "Oops, region is ambiguous! b NOTHING \nindex1 3211"
[44] "Oops, region is ambiguous! b RS \nindex1 3228"     
[45] "Oops, region is ambiguous! b TOP \nindex1 3325"    
[46] "Oops, region is ambiguous! b NOTHING \nindex1 3379"
[47] "Oops, region is ambiguous! b RS \nindex1 3490"     
[48] "Oops, region is ambiguous! b TOP \nindex1 3701"    
[49] "Oops, region is ambiguous! b NOTHING \nindex1 3708"
[50] "Oops, region is ambiguous! b RS \nindex1 3805"     
[51] "Oops, region is ambiguous! b TOP \nindex1 3837"    
[52] "Oops, region is ambiguous! b NOTHING \nindex1 3876"
[53] "Oops, region is ambiguous! b RS \nindex1 3884"     
[54] "Oops, region is ambiguous! b TOP \nindex1 3891"    
[55] "Oops, region is ambiguous! b NOTHING \nindex1 3940"
[56] "Oops, region is ambiguous! b RS \nindex1 4033"     
[57] "Oops, region is ambiguous! b TOP \nindex1 4097"    
[58] "Oops, region is ambiguous! b NOTHING \nindex1 4459"
[59] "Oops, region is ambiguous! b RS \nindex1 4477"     
[60] "Oops, region is ambiguous! b TOP \nindex1 4507"    
[61] "Oops, region is ambiguous! b NOTHING \nindex1 4566"
[62] "Oops, region is ambiguous! b RS \nindex1 4704"     
[63] "Oops, region is ambiguous! b TOP \nindex1 4803"    
[64] "Oops, region is ambiguous! b NOTHING \nindex1 4847"
[65] "Oops, region is ambiguous! b RS \nindex1 4854"     
[66] "Oops, region is ambiguous! b TOP \nindex1 4874"    
[67] "Oops, region is ambiguous! b NOTHING \nindex1 4929"
[68] "Oops, region is ambiguous! b RS \nindex1 5043"     
[69] "Oops, region is ambiguous! b TOP \nindex1 5061"    
[70] "Oops, region is ambiguous! b NOTHING \nindex1 5065"
[71] "Oops, region is ambiguous! b RS \nindex1 5124"     
[72] "Oops, region is ambiguous! b TOP \nindex1 5143"    
[73] "Oops, region is ambiguous! b NOTHING \nindex1 5303"
[74] "Oops, region is ambiguous! b RS \nindex1 5336"     
[75] "Oops, region is ambiguous! b TOP \nindex1 5346"    
[76] "Oops, region is ambiguous! b NOTHING \nindex1 5427"
[77] "Oops, region is ambiguous! b RS \nindex1 5459"     
[78] "Oops, region is ambiguous! b TOP \nindex1 5493"    
[79] "Oops, region is ambiguous! b NOTHING \nindex1 5522"
[80] "Oops, region is ambiguous! b RS \nindex1 5692"     
[81] "Oops, region is ambiguous! b TOP \nindex1 5761"    
[82] "Oops, region is ambiguous! b NOTHING \nindex1 5762"
[83] "Oops, region is ambiguous! b RS \nindex1 5890"     
[84] "Oops, region is ambiguous! b TOP \nindex1 5935"    
[85] "Oops, region is ambiguous! b NOTHING \nindex1 5949"
[86] "Oops, region is ambiguous! b RS \nindex1 5956"     
[1] "Oops, region is ambiguous! b ALL \nindex1 208" 
[2] "Oops, region is ambiguous! b RS \nindex1 318"  
[3] "Oops, region is ambiguous! b OUT \nindex1 1526"
[4] "Oops, region is ambiguous! b TOP \nindex1 1619"
[5] "Oops, region is ambiguous! b ALL \nindex1 2021"
[6] "Oops, region is ambiguous! b RS \nindex1 4497" 
[7] "Oops, region is ambiguous! b OUT \nindex1 5821"
[1] "Oops, region is ambiguous! b LEFT \nindex1 1647"
[2] "Oops, region is ambiguous! b OUT \nindex1 2121" 
[3] "Oops, region is ambiguous! b ALL \nindex1 2424" 
[4] "Oops, region is ambiguous! b LEFT \nindex1 2748"
[1] "Oops, region is ambiguous! b ALL \nindex1 2363" 
[2] "Oops, region is ambiguous! b OUT \nindex1 2710" 
[3] "Oops, region is ambiguous! b LEFT \nindex1 3251"
[1] "Oops, region is ambiguous! b ALL \nindex1 2363" 
[2] "Oops, region is ambiguous! b OUT \nindex1 2710" 
[3] "Oops, region is ambiguous! b LEFT \nindex1 3251"
[1] "Oops, region is ambiguous! b ALL \nindex1 2363" 
[2] "Oops, region is ambiguous! b OUT \nindex1 2710" 
[3] "Oops, region is ambiguous! b LEFT \nindex1 3251"
[1] "Oops, region is ambiguous! b ALL \nindex1 262"  
[2] "Oops, region is ambiguous! b LEFT \nindex1 1347"
[3] "Oops, region is ambiguous! b TOP \nindex1 2346" 
[4] "Oops, region is ambiguous! b ALL \nindex1 4413" 
[5] "Oops, region is ambiguous! b LEFT \nindex1 4575"
[6] "Oops, region is ambiguous! b TOP \nindex1 5249" 
[1] "Oops, region is ambiguous! b ALL \nindex1 262"  
[2] "Oops, region is ambiguous! b LEFT \nindex1 1347"
[3] "Oops, region is ambiguous! b TOP \nindex1 2346" 
[4] "Oops, region is ambiguous! b ALL \nindex1 4413" 
[5] "Oops, region is ambiguous! b LEFT \nindex1 4575"
[6] "Oops, region is ambiguous! b TOP \nindex1 5249" 
[1] "Oops, region is ambiguous! b OUT \nindex1 5329"
[2] "Oops, region is ambiguous! b TOP \nindex1 5421"
[1] "Oops, region is ambiguous! b ALL \nindex1 516" 
[2] "Oops, region is ambiguous! b TOP \nindex1 542" 
[3] "Oops, region is ambiguous! b OUT \nindex1 1609"
[4] "Oops, region is ambiguous! b ALL \nindex1 1661"
[5] "Oops, region is ambiguous! b TOP \nindex1 4753"
[6] "Oops, region is ambiguous! b OUT \nindex1 5108"
[1] "Oops, region is ambiguous! b ALL \nindex1 516" 
[2] "Oops, region is ambiguous! b TOP \nindex1 542" 
[3] "Oops, region is ambiguous! b OUT \nindex1 1609"
[4] "Oops, region is ambiguous! b ALL \nindex1 1661"
[5] "Oops, region is ambiguous! b TOP \nindex1 4753"
[6] "Oops, region is ambiguous! b OUT \nindex1 5108"
[1] "Oops, region is ambiguous! b ALL \nindex1 516" 
[2] "Oops, region is ambiguous! b TOP \nindex1 542" 
[3] "Oops, region is ambiguous! b OUT \nindex1 1609"
[4] "Oops, region is ambiguous! b ALL \nindex1 1661"
[5] "Oops, region is ambiguous! b TOP \nindex1 4753"
[6] "Oops, region is ambiguous! b OUT \nindex1 5108"
[1] "Oops, region is ambiguous! b ALL \nindex1 516" 
[2] "Oops, region is ambiguous! b TOP \nindex1 542" 
[3] "Oops, region is ambiguous! b OUT \nindex1 1609"
[4] "Oops, region is ambiguous! b ALL \nindex1 1661"
[5] "Oops, region is ambiguous! b TOP \nindex1 4753"
[6] "Oops, region is ambiguous! b OUT \nindex1 5108"
[1] "Oops, region is ambiguous! b TOP \nindex1 502" 
[2] "Oops, region is ambiguous! b ALL \nindex1 4649"
[1] "Oops, region is ambiguous! b TOP \nindex1 502" 
[2] "Oops, region is ambiguous! b ALL \nindex1 4649"
[1] "Oops, region is ambiguous! b ALL \nindex1 2523"
[2] "Oops, region is ambiguous! b TOP \nindex1 2764"
[3] "Oops, region is ambiguous! b ALL \nindex1 4450"
[1] "Oops, region is ambiguous! b ALL \nindex1 2523"
[2] "Oops, region is ambiguous! b TOP \nindex1 2764"
[3] "Oops, region is ambiguous! b ALL \nindex1 4450"
[1] "Oops, region is ambiguous! b ALL \nindex1 2523"
[2] "Oops, region is ambiguous! b TOP \nindex1 2764"
[3] "Oops, region is ambiguous! b ALL \nindex1 4450"
[1] "Oops, region is ambiguous! b TOP \nindex1 644" 
[2] "Oops, region is ambiguous! b ALL \nindex1 1756"
[3] "Oops, region is ambiguous! b TOP \nindex1 4510"
[1] "Oops, region is ambiguous! b TOP \nindex1 644" 
[2] "Oops, region is ambiguous! b ALL \nindex1 1756"
[3] "Oops, region is ambiguous! b TOP \nindex1 4510"
[1] "Oops, region is ambiguous! b TOP \nindex1 644" 
[2] "Oops, region is ambiguous! b ALL \nindex1 1756"
[3] "Oops, region is ambiguous! b TOP \nindex1 4510"
[1] "Oops, region is ambiguous! b RS \nindex1 3745"   
[2] "Oops, region is ambiguous! b RIGHT \nindex1 5264"
[1] "Oops, region is ambiguous! b RS \nindex1 2484"
[2] "Oops, region is ambiguous! b IN \nindex1 3653"
[3] "Oops, region is ambiguous! b RS \nindex1 3777"
[4] "Oops, region is ambiguous! b IN \nindex1 5204"
# A tibble: 6 x 6
# Groups:   RegionFULL, Score [6]
  Region  RegionFULL Score RJcode FRASims      freqs    
  <chr>   <chr>      <int> <chr>  <named list> <list>   
1 NOTHING ""           -64 ""     <dbl [8]>    <int [9]>
2 NOTHING ""            32 ""     <dbl [8]>    <int [9]>
3 RS      "08:"         32 ""     <dbl [8]>    <int [9]>
4 RS      "1"           32 ""     <dbl [8]>    <int [9]>
5 RS      "3"           32 ""     <dbl [8]>    <int [9]>
6 RS      "35;"         32 ""     <dbl [8]>    <int [9]>
[1] "Trying nmkb... 1"
[1] "Best value so far: 2409.81770252061"
[1] "Trying nmkb... 1"
[1] "Best value so far: 2409.81770252061"
[1] "Trying nmkb... 1"
[1] "Best value so far: 2409.81770252061"
[1] "Trying nmkb... 1"
[1] "Best value so far: 2409.81770249626"
[1] "Trying nmkb... 1"
[1] "Best value so far: 2409.81770249626"
[1] "Successful convergence"
[1] "Dev: 2409.81770249626"
[1] 0.008 0.009 0.010 0.007
[1] "Data saved to MBiases_Parameter_fit_nmkb_0.csv"
[1] "Trying nmkb... 1"
[1] "Best value so far: 2409.81770418324"
[1] "Trying nmkb... 1"
[1] "Best value so far: 2409.81770257906"
[1] "Trying nmkb... 1"
[1] "Best value so far: 2409.81770257906"
[1] "Trying nmkb... 1"
