Importing packages...
Done!
****************************
Starting simulation
****************************
--- Model parameters ----
--- Player 1 ----
wALL:  0.1
wNOTHING:  0.1
wLEFT:  0.1
wIN:  0.1
alpha:  0
beta:  0
gamma:  0
delta:  0
epsilon:  0
zeta:  0


--- Player 2 ----
wALL:  0.1
wNOTHING:  0.1
wLEFT:  0.1
wIN:  0.1
alpha:  0
beta:  0
gamma:  0
delta:  0
epsilon:  0
zeta:  0


****************************
--- Game parameters ---
Probabilit of a unicorn:  0.5
Number of players:  2
Grid size:  8 x 8
Number of rounds:  60
Number of dyads:  50


****************************
Running dyad no.  1
****************************

****************************
Running dyad no.  2
****************************

****************************
Running dyad no.  3
****************************

****************************
Running dyad no.  4
****************************

****************************
Running dyad no.  5
****************************

****************************
Running dyad no.  6
****************************

****************************
Running dyad no.  7
****************************

****************************
Running dyad no.  8
****************************

****************************
Running dyad no.  9
****************************

****************************
Running dyad no.  10
****************************

****************************
Running dyad no.  11
****************************

****************************
Running dyad no.  12
****************************

****************************
Running dyad no.  13
****************************

****************************
Running dyad no.  14
****************************

****************************
Running dyad no.  15
****************************

****************************
Running dyad no.  16
****************************

****************************
Running dyad no.  17
****************************

****************************
Running dyad no.  18
****************************

****************************
Running dyad no.  19
****************************

****************************
Running dyad no.  20
****************************

****************************
Running dyad no.  21
****************************

****************************
Running dyad no.  22
****************************

****************************
Running dyad no.  23
****************************

****************************
Running dyad no.  24
****************************

****************************
Running dyad no.  25
****************************

****************************
Running dyad no.  26
****************************

****************************
Running dyad no.  27
****************************

****************************
Running dyad no.  28
****************************

****************************
Running dyad no.  29
****************************

****************************
Running dyad no.  30
****************************

****************************
Running dyad no.  31
****************************

****************************
Running dyad no.  32
****************************

****************************
Running dyad no.  33
****************************

****************************
Running dyad no.  34
****************************

****************************
Running dyad no.  35
****************************

****************************
Running dyad no.  36
****************************

****************************
Running dyad no.  37
****************************

****************************
Running dyad no.  38
****************************

****************************
Running dyad no.  39
****************************

****************************
Running dyad no.  40
****************************

****************************
Running dyad no.  41
****************************

****************************
Running dyad no.  42
****************************

****************************
Running dyad no.  43
****************************

****************************
Running dyad no.  44
****************************

****************************
Running dyad no.  45
****************************

****************************
Running dyad no.  46
****************************

****************************
Running dyad no.  47
****************************

****************************
Running dyad no.  48
****************************

****************************
Running dyad no.  49
****************************

****************************
Running dyad no.  50
****************************

Sorting by Dyad, Player, Round...
Finding accumulated score...
Finding normalized score...
Finding the initial lag variables...
Completing regions from simulation (please be patient!)...
Trying to obtain classification from simulation...
Finding Size_visited...
Finding consistency...
Finding difference in consistency and Total_visited_dyad...
Finding distances to focal regions (please be patient)...
Finding the last lag variables...
Data saved to../Data/output0.csv
****************************
Starting simulation
****************************
--- Model parameters ----
--- Player 1 ----
wALL:  0.1
wNOTHING:  0.1
wLEFT:  0.1
wIN:  0.1
alpha:  100
beta:  30
gamma:  31
delta:  0
epsilon:  0
zeta:  0


--- Player 2 ----
wALL:  0.1
wNOTHING:  0.1
wLEFT:  0.1
wIN:  0.1
alpha:  100
beta:  30
gamma:  31
delta:  0
epsilon:  0
zeta:  0


****************************
--- Game parameters ---
Probabilit of a unicorn:  0.5
Number of players:  2
Grid size:  8 x 8
Number of rounds:  60
Number of dyads:  50


****************************
Running dyad no.  1
****************************

****************************
Running dyad no.  2
****************************

****************************
Running dyad no.  3
****************************

****************************
Running dyad no.  4
****************************

****************************
Running dyad no.  5
****************************

****************************
Running dyad no.  6
****************************

****************************
Running dyad no.  7
****************************

****************************
Running dyad no.  8
****************************

****************************
Running dyad no.  9
****************************

****************************
Running dyad no.  10
****************************

****************************
Running dyad no.  11
****************************

****************************
Running dyad no.  12
****************************

****************************
Running dyad no.  13
****************************

****************************
Running dyad no.  14
****************************

****************************
Running dyad no.  15
****************************

****************************
Running dyad no.  16
****************************

****************************
Running dyad no.  17
****************************

****************************
Running dyad no.  18
****************************

****************************
Running dyad no.  19
****************************

****************************
Running dyad no.  20
****************************

****************************
Running dyad no.  21
****************************

****************************
Running dyad no.  22
****************************

****************************
Running dyad no.  23
****************************

****************************
Running dyad no.  24
****************************

****************************
Running dyad no.  25
****************************

****************************
Running dyad no.  26
****************************

****************************
Running dyad no.  27
****************************

****************************
Running dyad no.  28
****************************

****************************
Running dyad no.  29
****************************

****************************
Running dyad no.  30
****************************

****************************
Running dyad no.  31
****************************

****************************
Running dyad no.  32
****************************

****************************
Running dyad no.  33
****************************

****************************
Running dyad no.  34
****************************

****************************
Running dyad no.  35
****************************

****************************
Running dyad no.  36
****************************

****************************
Running dyad no.  37
****************************

****************************
Running dyad no.  38
****************************

****************************
Running dyad no.  39
****************************

****************************
Running dyad no.  40
****************************

****************************
Running dyad no.  41
****************************

****************************
Running dyad no.  42
****************************

****************************
Running dyad no.  43
****************************

****************************
Running dyad no.  44
****************************

****************************
Running dyad no.  45
****************************

****************************
Running dyad no.  46
****************************

****************************
Running dyad no.  47
****************************

****************************
Running dyad no.  48
****************************

****************************
Running dyad no.  49
****************************

****************************
Running dyad no.  50
****************************

Sorting by Dyad, Player, Round...
Finding accumulated score...
Finding normalized score...
Finding the initial lag variables...
Completing regions from simulation (please be patient!)...
Trying to obtain classification from simulation...
Finding Size_visited...
Finding consistency...
Finding difference in consistency and Total_visited_dyad...
Finding distances to focal regions (please be patient)...
Finding the last lag variables...
Data saved to../Data/output1.csv
****************************
Starting simulation
****************************
--- Model parameters ----
--- Player 1 ----
wALL:  0.1
wNOTHING:  0.1
wLEFT:  0.1
wIN:  0.1
alpha:  100
beta:  30
gamma:  31
delta:  100
epsilon:  30
zeta:  0.7


--- Player 2 ----
wALL:  0.1
wNOTHING:  0.1
wLEFT:  0.1
wIN:  0.1
alpha:  100
beta:  30
gamma:  31
delta:  100
epsilon:  30
zeta:  0.7


****************************
--- Game parameters ---
Probabilit of a unicorn:  0.5
Number of players:  2
Grid size:  8 x 8
Number of rounds:  60
Number of dyads:  50


****************************
Running dyad no.  1
****************************

****************************
Running dyad no.  2
****************************

****************************
Running dyad no.  3
****************************

****************************
Running dyad no.  4
****************************

****************************
Running dyad no.  5
****************************

****************************
Running dyad no.  6
****************************

****************************
Running dyad no.  7
****************************

****************************
Running dyad no.  8
****************************

****************************
Running dyad no.  9
****************************

****************************
Running dyad no.  10
****************************

****************************
Running dyad no.  11
****************************

****************************
Running dyad no.  12
****************************

****************************
Running dyad no.  13
****************************

****************************
Running dyad no.  14
****************************

****************************
Running dyad no.  15
****************************

****************************
Running dyad no.  16
****************************

****************************
Running dyad no.  17
****************************

****************************
Running dyad no.  18
****************************

****************************
Running dyad no.  19
****************************

****************************
Running dyad no.  20
****************************

****************************
Running dyad no.  21
****************************

****************************
Running dyad no.  22
****************************

****************************
Running dyad no.  23
****************************

****************************
Running dyad no.  24
****************************

****************************
Running dyad no.  25
****************************

****************************
Running dyad no.  26
****************************

****************************
Running dyad no.  27
****************************

****************************
Running dyad no.  28
****************************

****************************
Running dyad no.  29
****************************

****************************
Running dyad no.  30
****************************

****************************
Running dyad no.  31
****************************

****************************
Running dyad no.  32
****************************

****************************
Running dyad no.  33
****************************

****************************
Running dyad no.  34
****************************

****************************
Running dyad no.  35
****************************

****************************
Running dyad no.  36
****************************

****************************
Running dyad no.  37
****************************

****************************
Running dyad no.  38
****************************

****************************
Running dyad no.  39
****************************

****************************
Running dyad no.  40
****************************

****************************
Running dyad no.  41
****************************

****************************
Running dyad no.  42
****************************

****************************
Running dyad no.  43
****************************

****************************
Running dyad no.  44
****************************

****************************
Running dyad no.  45
****************************

****************************
Running dyad no.  46
****************************

****************************
Running dyad no.  47
****************************

****************************
Running dyad no.  48
****************************

****************************
Running dyad no.  49
****************************

****************************
Running dyad no.  50
****************************

Sorting by Dyad, Player, Round...
Finding accumulated score...
Finding normalized score...
Finding the initial lag variables...
Completing regions from simulation (please be patient!)...
Trying to obtain classification from simulation...
Finding Size_visited...
Finding consistency...
Finding difference in consistency and Total_visited_dyad...
Finding distances to focal regions (please be patient)...
Finding the last lag variables...
Data saved to../Data/output2.csv
