[1] "Loading and preparing data ../Data/humans_only_absent.csv ..."
     Dyad     Player  Region
1 140-615 140-615PL1      RS
2 140-615 140-615PL1      RS
3 140-615 140-615PL1 NOTHING
4 140-615 140-615PL1 NOTHING
5 140-615 140-615PL1     ALL
6 140-615 140-615PL1     OUT
                                                        RegionFULL RegionGo
1                     coprtvwxBCEFGHIJKLMNOPQRSTUVWXYZ0123456789;:       RS
2                                                  BSTUYZ0456789;:  NOTHING
3                                                                   NOTHING
4                                                                       ALL
5 abcdefghijklmnopqrstuvwxyzABCDEFGHIJKLMNOPQRSTUVWXYZ0123456789;:      OUT
6                                     abcdefghipqxyFGNOVW3456789;:      OUT
                         RJcode Score
1                     rBCHIJQRS    23
2                         BSTZ0    27
3                                  32
4                                  32
5 adfghikmnopsuwyzABDFGMRSX245;     3
6            abcdefhqyGOVW4569;    14
# A tibble: 6 x 6
# Groups:   RegionFULL, Score [6]
  Region  RegionFULL Score RJcode FRASims      freqs    
  <chr>   <chr>      <dbl> <chr>  <named list> <list>   
1 NOTHING ""           -64 ""     <dbl [8]>    <int [9]>
2 NOTHING ""            32 ""     <dbl [8]>    <int [9]>
3 RS      "1"           32 ""     <dbl [8]>    <int [9]>
4 RS      "23;:"       -65 "2"    <dbl [8]>    <int [9]>
5 RS      "3"           32 ""     <dbl [8]>    <int [9]>
6 RS      "4"          -64 ""     <dbl [8]>    <int [9]>
[1] "Data prepared!"
[1] "Fitting MBiases..."
[1] "Trying nmkb... 1"
[1] "Best value so far: 1612.61920860492"
[1] "Trying nmkb... 1"
[1] "Best value so far: 1612.61920860492"
[1] "Trying nmkb... 1"
[1] "Best value so far: 1612.61920860492"
[1] "Trying nmkb... 1"
[1] "Best value so far: 1612.61920860492"
[1] "Trying nmkb... 1"
[1] "Best value so far: 1612.61920860492"
[1] "Trying nmkb... 1"
[1] "Best value so far: 1612.61920860492"
[1] "Trying nmkb... 1"
[1] "Best value so far: 1612.61920860492"
[1] "Trying nmkb... 1"
[1] "Best value so far: 1612.61920860492"
[1] "Trying nmkb... 1"
[1] "Best value so far: 1612.61920860492"
[1] "Trying nmkb... 1"
[1] "Best value so far: 1612.61920860492"
[1] "Successful convergence"
[1] "Dev: 1612.61920860492"
[1] 0.120 0.077 0.058 0.005
[1] "Data saved to ../Data/Confusion/Estimations/MBiases_Parameter_fit_nmkb_0.csv"
[1] "Fitting WSLS..."
[1] "Trying nmkb... 1"
[1] "Best value so far: 655.625462024348"
[1] "Trying nmkb... 1"
[1] "Best value so far: 655.625462024348"
[1] "Trying nmkb... 1"
[1] "Best value so far: 655.625462024348"
[1] "Trying nmkb... 1"
[1] "Best value so far: 655.625462024348"
[1] "Trying nmkb... 1"
[1] "Best value so far: 655.625462024348"
[1] "Trying nmkb... 1"
[1] "Best value so far: 655.625462024348"
[1] "Trying nmkb... 1"
[1] "Best value so far: 655.625462024348"
[1] "Trying nmkb... 1"
[1] "Best value so far: 655.625462024348"
[1] "Trying nmkb... 1"
[1] "Best value so far: 655.625462024348"
[1] "Trying nmkb... 1"
[1] "Best value so far: 655.625462024348"
[1] "Successful convergence"
[1] "Dev: 655.625462024348"
[1]   0.085   0.042   0.015   0.002   6.746 999.996   4.218
[1] "Data saved to ../Data/Confusion/Estimations/WSLS_Parameter_fit_nmkb_0.csv"
[1] "Fitting FRA..."
[1] "Trying nmkb... 1"
[1] "Best value so far: 656.947137789216"
[1] "Trying nmkb... 1"
[1] "Best value so far: 583.977743664934"
[1] "Trying nmkb... 1"
[1] "Best value so far: 582.026726036337"
[1] "Trying nmkb... 1"
[1] "Best value so far: 578.099052082929"
[1] "Trying nmkb... 1"
[1] "Best value so far: 570.603880095113"
[1] "Trying nmkb... 1"
[1] "Best value so far: 570.603880095113"
[1] "Trying nmkb... 1"
[1] "Best value so far: 570.603880095113"
[1] "Trying nmkb... 1"
[1] "Best value so far: 570.603880095113"
[1] "Trying nmkb... 1"
[1] "Best value so far: 570.603880095113"
[1] "Trying nmkb... 1"
[1] "Best value so far: 567.462537283788"
[1] "Stagnation in Nelder-Mead"
[1] "Dev: 567.462537283788"
 [1]   0.063   0.035   0.006   0.002  10.107 999.922  30.001   0.485 999.982
[10]   0.979
[1] "Data saved to ../Data/Confusion/Estimations/FRA_Parameter_fit_nmkb_0.csv"
MBiases dev:  1612.619NULL
[1] 0.120 0.077 0.058 0.005
[1] "--------------"
WSLS dev:  655.6255NULL
[1]   0.085   0.042   0.015   0.002   6.746 999.996   4.218
[1] "--------------"
FRA dev:  567.4625NULL
 [1]   0.063   0.035   0.006   0.002  10.107 999.922  30.001   0.485 999.982
[10]   0.979
 [1] 6.310798e-02 3.541617e-02 6.238594e-03 1.524617e-03 1.010677e+01
 [6] 9.999225e+02 3.000109e+01 4.851059e-01 9.999817e+02 9.788833e-01
